This is pdfTeX, Version 3.141592653-2.6-1.40.24 (TeX Live 2022) (preloaded format=pdftex 2022.11.13)  19 MAY 2023 23:01
entering extended mode
 restricted \write18 enabled.
 %&-line parsing enabled.
**sat0.tex
(./sat0.tex (./cwebmac.tex
(/usr/local/texlive/2022/texmf-dist/tex/generic/iftex/iftex.sty)
\PPbox=\box16
\MMbox=\box17
\MGbox=\box18
\MODbox=\box19
\bak=\box20
\bakk=\box21
\ind=\count27
\gdepth=\count28
\secpagedepth=\count29
\gtitle=\toks13
\intersecskip=\skip18
\toksA=\toks14
\toksB=\toks15
\toksC=\toks16
\toksD=\toks17
\toksE=\toks18
\toksF=\toks19
\usersanitizer=\toks20
\countA=\count30
\countB=\count31
\countC=\count32
\countD=\count33
\pagewidth=\dimen16
\pageheight=\dimen17
\fullpageheight=\dimen18
\pageshift=\dimen19
\cont=\write0
\sbox=\box22
\lbox=\box23
\twodigits=\count34
) *1 [1{/usr/local/texlive/2022/texmf-var/fonts/map/pdftex/updmap/pdftex.map}
\openout0 = `sat0.toc'.

] [2] [3] *5
[4] [5] [6] [7] [8] [9] [10] *22 [11] [12] [13] *30 [14] [15] [16] *39 [17]
[18] [19] *46 Index: (./sat0.idx [20]) [21] (./sat0.toc)
Number of named sections: (./sat0.scn) 33 Section names: (./sat0.scn) [22]
Table of contents: (./sat0.toc) [0] )</usr/local/texlive/2022/texmf-dist/fonts/
type1/public/amsfonts/cm/cmbx10.pfb></usr/local/texlive/2022/texmf-dist/fonts/t
ype1/public/amsfonts/cm/cmmi10.pfb></usr/local/texlive/2022/texmf-dist/fonts/ty
pe1/public/amsfonts/cm/cmmi7.pfb></usr/local/texlive/2022/texmf-dist/fonts/type
1/public/amsfonts/cm/cmr10.pfb></usr/local/texlive/2022/texmf-dist/fonts/type1/
public/amsfonts/cm/cmr5.pfb></usr/local/texlive/2022/texmf-dist/fonts/type1/pub
lic/amsfonts/cm/cmr7.pfb></usr/local/texlive/2022/texmf-dist/fonts/type1/public
/amsfonts/cm/cmr8.pfb></usr/local/texlive/2022/texmf-dist/fonts/type1/public/am
sfonts/cm/cmr9.pfb></usr/local/texlive/2022/texmf-dist/fonts/type1/public/amsfo
nts/cm/cmsl10.pfb></usr/local/texlive/2022/texmf-dist/fonts/type1/public/amsfon
ts/cm/cmsy10.pfb></usr/local/texlive/2022/texmf-dist/fonts/type1/public/amsfont
s/cm/cmsy7.pfb></usr/local/texlive/2022/texmf-dist/fonts/type1/public/amsfonts/
cm/cmtex10.pfb></usr/local/texlive/2022/texmf-dist/fonts/type1/public/amsfonts/
cm/cmti10.pfb></usr/local/texlive/2022/texmf-dist/fonts/type1/public/amsfonts/c
m/cmtt10.pfb>
Output written on sat0.pdf (23 pages, 272081 bytes).
PDF statistics:
 961 PDF objects out of 1000 (max. 8388607)
 912 compressed objects within 10 object streams
 1 named destinations out of 1000 (max. 500000)
 321 words of extra memory for PDF output out of 10000 (max. 10000000)

